<acceptance-test-run title="Edit existing item on Todo Page" name="Edit existing item on Todo Page" description="" steps="3" successful="1" failures="0" errors="1" skipped="0" ignored="0" pending="1" annotated-result="ERROR" result="ERROR" duration="6164" timestamp="2016-09-14T17:22:52.847+10:00" session-id="c99f96ff638c5480a1d00ddda4ffcc8f">
  <user-story id="write-some-browser-tests-to-validate-the-correct-function-of-a-javascript-single-page-web-application" name="Write some browser tests to validate the correct function of a Javascript Single Page Web Application" path="src/test/resources/features/todo_mvc.feature"/>
  <issues>
    <issue>ETSY-001</issue>
    <issue>ETSY-001</issue>
    <issue>ETSY-001</issue>
  </issues>
  <versions>
    <version>Release-1</version>
  </versions>
  <tags>
    <tag name="ui" type="component"/>
    <tag name="Write some browser tests to validate the correct function of a Javascript Single Page Web Application" type="feature"/>
    <tag name="ETSY-001" type="issue"/>
    <tag name="runThis" type="tag"/>
    <tag name="Release-1" type="version"/>
  </tags>
  <examples>
    <datasets>
      <dataset startRow="0" rowCount="0" name="" description=""/>
    </datasets>
    <headers>
      <header>item</header>
      <header>new item</header>
    </headers>
    <rows>
      <row result="ERROR">
        <value>1</value>
        <value>item0</value>
      </row>
    </rows>
  </examples>
  <test-group name="[1] {item=1, new item=item0}" result="ERROR">
    <test-group name="Given I am on the todomvc page" result="SUCCESS">
      <test-step result="SUCCESS" duration="339">
        <description>Opens home page</description>
      </test-step>
    </test-group>
    <test-group name="When I edit an &apos;1&apos; to &apos;item0&apos;" result="ERROR">
      <test-step result="ERROR" duration="5754">
        <screenshots>
          <screenshot image="f26cc9cbad00bb9839a35db938d918be.png" source="pagesource1247030420319016844.html.txt"/>
        </screenshots>
        <description>Edit item: 1, item0</description>
        <error>java.lang.IndexOutOfBoundsException: Index: 1, Size: 0</error>
        <exception>java.lang.IndexOutOfBoundsException:Index: 1, Size: 0&#xd;
[net.thucydides.showcase.cucumber.pages.HomePage.editItem(HomePage.java:146), net.thucydides.showcase.cucumber.steps.serenity.UserSteps.edit_item(UserSteps.java:33), net.thucydides.showcase.cucumber.steps.TodoMvcScenarioSteps.i_edit_an_item_to_item(TodoMvcScenarioSteps.java:34)]</exception>
      </test-step>
    </test-group>
    <test-step result="PENDING" duration="1">
      <description>Then I should see &apos;1&apos; edited to item0&apos; on the results page</description>
    </test-step>
  </test-group>
</acceptance-test-run>