<?xml version="1.0" encoding="UTF-8"?><testsuite errors="0" failures="0" name="Write some browser tests to validate the correct function of a Javascript Single Page Web Application" skipped="9" tests="9" time="2.61" timestamp="2016-09-257 06:45:02"><testcase name="Add items on Todo Page"><skipped/></testcase><testcase name="Edit existing item on Todo Page"><skipped/></testcase><testcase name="Complete an existing item on Todo Page"><skipped/></testcase><testcase name="re-activate an existing completed item on Todo Page"><skipped/></testcase><testcase name="Complete all active Todos by clicking the down arrow and filtering the completed state"><skipped/></testcase><testcase name="Clear a single Todo item from the list completely by clicking the Close icon"><skipped/></testcase><testcase name="Clear all completed Todo items from the list completely"><skipped/></testcase></testsuite>